<?xml version="1.0" encoding="UTF-8"?>
<!-- Generated by org.testng.reporters.JUnitReportReporter -->
<testsuite hostname="LAPTOP-I0PE52NF" failures="0" tests="1" name="com.comcast.crm.contacttest.CreateContactsTest" time="15.542" errors="0" timestamp="2025-01-31T13:54:43 IST" skipped="0">
  <testcase classname="com.comcast.crm.contacttest.CreateContactsTest" name="createContactTest" time="15.542"/>
</testsuite> <!-- com.comcast.crm.contacttest.CreateContactsTest -->
